;  LST file generated by mikroListExporter - v.2.0 
; Date/Time: 06/03/2021 13:50:09
;----------------------------------------------

;Address Opcode 	ASM
0x0000	0x2A20      	GOTO       544
_interrupt:
0x0004	0x00FF      	MOVWF      R15
0x0005	0x0E03      	SWAPF      STATUS, 0
0x0006	0x0183      	CLRF       STATUS
0x0007	0x00A8      	MOVWF      ___saveSTATUS
0x0008	0x080A      	MOVF       PCLATH, 0
0x0009	0x00A9      	MOVWF      ___savePCLATH
0x000A	0x018A      	CLRF       PCLATH
0x000B	0x087B      	MOVF       R11, 0
0x000C	0x00A2      	MOVWF      34
0x000D	0x087C      	MOVF       R12, 0
0x000E	0x00A1      	MOVWF      33
0x000F	0x087D      	MOVF       R13, 0
0x0010	0x00A0      	MOVWF      32
;Displays_Multiplexados.c,38 :: 		void interrupt()
;Displays_Multiplexados.c,40 :: 		if (TMR0IF_bit)                                                               // Overflow do TIMER0 configurado para 1ms
0x0011	0x1D0B      	BTFSS      TMR0IF_bit, BitPos(TMR0IF_bit+0)
0x0012	0x281B      	GOTO       L_interrupt0
;Displays_Multiplexados.c,42 :: 		TMR0 = 0x06;
0x0013	0x3006      	MOVLW      6
0x0014	0x0081      	MOVWF      TMR0
;Displays_Multiplexados.c,43 :: 		TMR0IF_bit = 0x00;
0x0015	0x110B      	BCF        TMR0IF_bit, BitPos(TMR0IF_bit+0)
;Displays_Multiplexados.c,44 :: 		DispMultiplex(valor);
0x0016	0x0826      	MOVF       _valor, 0
0x0017	0x00AA      	MOVWF      FARG_DispMultiplex_num
0x0018	0x0827      	MOVF       _valor+1, 0
0x0019	0x00AB      	MOVWF      FARG_DispMultiplex_num+1
0x001A	0x2170      	CALL       _DispMultiplex
;Displays_Multiplexados.c,45 :: 		}
L_interrupt0:
;Displays_Multiplexados.c,46 :: 		}
L_end_interrupt:
L__interrupt43:
0x001B	0x0822      	MOVF       34, 0
0x001C	0x00FB      	MOVWF      R11
0x001D	0x0821      	MOVF       33, 0
0x001E	0x00FC      	MOVWF      R12
0x001F	0x0820      	MOVF       32, 0
0x0020	0x00FD      	MOVWF      R13
0x0021	0x0829      	MOVF       ___savePCLATH, 0
0x0022	0x008A      	MOVWF      PCLATH
0x0023	0x0E28      	SWAPF      ___saveSTATUS, 0
0x0024	0x0083      	MOVWF      STATUS
0x0025	0x0EFF      	SWAPF      R15, 1
0x0026	0x0E7F      	SWAPF      R15, 0
0x0027	0x0009      	RETFIE
; end of _interrupt
_Div_16x16_S_L:
;__Lib_Math.c,420 :: 		
;__Lib_Math.c,426 :: 		
0x0028	0x0D71      	RLF        R1, 0
;__Lib_Math.c,427 :: 		
0x0029	0x0DF8      	RLF        R8, 1
;__Lib_Math.c,428 :: 		
0x002A	0x0DF9      	RLF        R9, 1
;__Lib_Math.c,429 :: 		
0x002B	0x0874      	MOVF       R4, 0
;__Lib_Math.c,430 :: 		
0x002C	0x02F8      	SUBWF      R8, 1
;__Lib_Math.c,431 :: 		
0x002D	0x0875      	MOVF       R5, 0
;__Lib_Math.c,432 :: 		
0x002E	0x1C03      	BTFSS      STATUS, 0
;__Lib_Math.c,433 :: 		
0x002F	0x0F75      	INCFSZ     R5, 0
;__Lib_Math.c,434 :: 		
0x0030	0x02F9      	SUBWF      R9, 1
;__Lib_Math.c,435 :: 		
0x0031	0x0DF0      	RLF        R0, 1
;__Lib_Math.c,436 :: 		
0x0032	0x0DF1      	RLF        R1, 1
;__Lib_Math.c,438 :: 		
0x0033	0x300F      	MOVLW      15
;__Lib_Math.c,439 :: 		
0x0034	0x00FC      	MOVWF      R12
;__Lib_Math.c,441 :: 		
0x0035	0x0D71      	RLF        R1, 0
;__Lib_Math.c,442 :: 		
0x0036	0x0DF8      	RLF        R8, 1
;__Lib_Math.c,443 :: 		
0x0037	0x0DF9      	RLF        R9, 1
;__Lib_Math.c,444 :: 		
0x0038	0x0874      	MOVF       R4, 0
;__Lib_Math.c,446 :: 		
0x0039	0x1C70      	BTFSS      R0, 0
;__Lib_Math.c,447 :: 		
0x003A	0x2841      	GOTO       $+7
;__Lib_Math.c,448 :: 		
0x003B	0x02F8      	SUBWF      R8, 1
;__Lib_Math.c,449 :: 		
0x003C	0x0875      	MOVF       R5, 0
;__Lib_Math.c,450 :: 		
0x003D	0x1C03      	BTFSS      STATUS, 0
;__Lib_Math.c,451 :: 		
0x003E	0x0F75      	INCFSZ     R5, 0
;__Lib_Math.c,452 :: 		
0x003F	0x02F9      	SUBWF      R9, 1
;__Lib_Math.c,453 :: 		
0x0040	0x2846      	GOTO       $+6
;__Lib_Math.c,455 :: 		
0x0041	0x07F8      	ADDWF      R8, 1
;__Lib_Math.c,456 :: 		
0x0042	0x0875      	MOVF       R5, 0
;__Lib_Math.c,457 :: 		
0x0043	0x1803      	BTFSC      STATUS, 0
;__Lib_Math.c,458 :: 		
0x0044	0x0F75      	INCFSZ     R5, 0
;__Lib_Math.c,459 :: 		
0x0045	0x07F9      	ADDWF      R9, 1
;__Lib_Math.c,461 :: 		
0x0046	0x0DF0      	RLF        R0, 1
;__Lib_Math.c,462 :: 		
0x0047	0x0DF1      	RLF        R1, 1
;__Lib_Math.c,464 :: 		
0x0048	0x0BFC      	DECFSZ     R12, 1
;__Lib_Math.c,465 :: 		
0x0049	0x2835      	GOTO       $-20
;__Lib_Math.c,467 :: 		
0x004A	0x1870      	BTFSC      R0, 0
;__Lib_Math.c,468 :: 		
0x004B	0x2852      	GOTO       $+7
;__Lib_Math.c,469 :: 		
0x004C	0x0874      	MOVF       R4, 0
;__Lib_Math.c,470 :: 		
0x004D	0x07F8      	ADDWF      R8, 1
;__Lib_Math.c,471 :: 		
0x004E	0x0875      	MOVF       R5, 0
;__Lib_Math.c,472 :: 		
0x004F	0x1803      	BTFSC      STATUS, 0
;__Lib_Math.c,473 :: 		
0x0050	0x0F75      	INCFSZ     R5, 0
;__Lib_Math.c,474 :: 		
0x0051	0x07F9      	ADDWF      R9, 1
;__Lib_Math.c,475 :: 		
0x0052	0x0000      	NOP
;__Lib_Math.c,477 :: 		
L_end_Div_16x16_S_L:
0x0053	0x0008      	RETURN
; end of _Div_16x16_S_L
_decodeDisplay:
;Displays_Multiplexados.c,138 :: 		void decodeDisplay(int num)                                                     // Função auxiliar que decodifica display
;Displays_Multiplexados.c,140 :: 		if (num == 0x00)
0x0054	0x3000      	MOVLW      0
0x0055	0x1283      	BCF        STATUS, 5
0x0056	0x1303      	BCF        STATUS, 6
0x0057	0x062D      	XORWF      FARG_decodeDisplay_num+1, 0
0x0058	0x1D03      	BTFSS      STATUS, 2
0x0059	0x285C      	GOTO       L__decodeDisplay49
0x005A	0x3000      	MOVLW      0
0x005B	0x062C      	XORWF      FARG_decodeDisplay_num, 0
L__decodeDisplay49:
0x005C	0x1D03      	BTFSS      STATUS, 2
0x005D	0x2866      	GOTO       L_decodeDisplay19
;Displays_Multiplexados.c,142 :: 		A = 0x01;
0x005E	0x1406      	BSF        RB0_bit, BitPos(RB0_bit+0)
;Displays_Multiplexados.c,143 :: 		B = 0x01;
0x005F	0x1486      	BSF        RB1_bit, BitPos(RB1_bit+0)
;Displays_Multiplexados.c,144 :: 		C = 0x01;
0x0060	0x1506      	BSF        RB2_bit, BitPos(RB2_bit+0)
;Displays_Multiplexados.c,145 :: 		D = 0x01;
0x0061	0x1586      	BSF        RB3_bit, BitPos(RB3_bit+0)
;Displays_Multiplexados.c,146 :: 		E = 0x01;
0x0062	0x1606      	BSF        RB4_bit, BitPos(RB4_bit+0)
;Displays_Multiplexados.c,147 :: 		F = 0x01;
0x0063	0x1686      	BSF        RB5_bit, BitPos(RB5_bit+0)
;Displays_Multiplexados.c,148 :: 		G = 0x00;
0x0064	0x1306      	BCF        RB6_bit, BitPos(RB6_bit+0)
;Displays_Multiplexados.c,149 :: 		}
0x0065	0x28F5      	GOTO       L_decodeDisplay20
L_decodeDisplay19:
;Displays_Multiplexados.c,152 :: 		else if (num == 0x01)
0x0066	0x3000      	MOVLW      0
0x0067	0x062D      	XORWF      FARG_decodeDisplay_num+1, 0
0x0068	0x1D03      	BTFSS      STATUS, 2
0x0069	0x286C      	GOTO       L__decodeDisplay50
0x006A	0x3001      	MOVLW      1
0x006B	0x062C      	XORWF      FARG_decodeDisplay_num, 0
L__decodeDisplay50:
0x006C	0x1D03      	BTFSS      STATUS, 2
0x006D	0x2876      	GOTO       L_decodeDisplay21
;Displays_Multiplexados.c,154 :: 		A = 0x00;
0x006E	0x1006      	BCF        RB0_bit, BitPos(RB0_bit+0)
;Displays_Multiplexados.c,155 :: 		B = 0x01;
0x006F	0x1486      	BSF        RB1_bit, BitPos(RB1_bit+0)
;Displays_Multiplexados.c,156 :: 		C = 0x01;
0x0070	0x1506      	BSF        RB2_bit, BitPos(RB2_bit+0)
;Displays_Multiplexados.c,157 :: 		D = 0x00;
0x0071	0x1186      	BCF        RB3_bit, BitPos(RB3_bit+0)
;Displays_Multiplexados.c,158 :: 		E = 0x00;
0x0072	0x1206      	BCF        RB4_bit, BitPos(RB4_bit+0)
;Displays_Multiplexados.c,159 :: 		F = 0x00;
0x0073	0x1286      	BCF        RB5_bit, BitPos(RB5_bit+0)
;Displays_Multiplexados.c,160 :: 		G = 0x00;
0x0074	0x1306      	BCF        RB6_bit, BitPos(RB6_bit+0)
;Displays_Multiplexados.c,161 :: 		}
0x0075	0x28F5      	GOTO       L_decodeDisplay22
L_decodeDisplay21:
;Displays_Multiplexados.c,164 :: 		else if (num == 0x02)
0x0076	0x3000      	MOVLW      0
0x0077	0x062D      	XORWF      FARG_decodeDisplay_num+1, 0
0x0078	0x1D03      	BTFSS      STATUS, 2
0x0079	0x287C      	GOTO       L__decodeDisplay51
0x007A	0x3002      	MOVLW      2
0x007B	0x062C      	XORWF      FARG_decodeDisplay_num, 0
L__decodeDisplay51:
0x007C	0x1D03      	BTFSS      STATUS, 2
0x007D	0x2886      	GOTO       L_decodeDisplay23
;Displays_Multiplexados.c,166 :: 		A = 0x01;
0x007E	0x1406      	BSF        RB0_bit, BitPos(RB0_bit+0)
;Displays_Multiplexados.c,167 :: 		B = 0x01;
0x007F	0x1486      	BSF        RB1_bit, BitPos(RB1_bit+0)
;Displays_Multiplexados.c,168 :: 		C = 0x00;
0x0080	0x1106      	BCF        RB2_bit, BitPos(RB2_bit+0)
;Displays_Multiplexados.c,169 :: 		D = 0x01;
0x0081	0x1586      	BSF        RB3_bit, BitPos(RB3_bit+0)
;Displays_Multiplexados.c,170 :: 		E = 0x01;
0x0082	0x1606      	BSF        RB4_bit, BitPos(RB4_bit+0)
;Displays_Multiplexados.c,171 :: 		F = 0x00;
0x0083	0x1286      	BCF        RB5_bit, BitPos(RB5_bit+0)
;Displays_Multiplexados.c,172 :: 		G = 0x01;
0x0084	0x1706      	BSF        RB6_bit, BitPos(RB6_bit+0)
;Displays_Multiplexados.c,173 :: 		}
0x0085	0x28F5      	GOTO       L_decodeDisplay24
L_decodeDisplay23:
;Displays_Multiplexados.c,176 :: 		else if (num == 0x03)
0x0086	0x3000      	MOVLW      0
0x0087	0x062D      	XORWF      FARG_decodeDisplay_num+1, 0
0x0088	0x1D03      	BTFSS      STATUS, 2
0x0089	0x288C      	GOTO       L__decodeDisplay52
0x008A	0x3003      	MOVLW      3
0x008B	0x062C      	XORWF      FARG_decodeDisplay_num, 0
L__decodeDisplay52:
0x008C	0x1D03      	BTFSS      STATUS, 2
0x008D	0x2896      	GOTO       L_decodeDisplay25
;Displays_Multiplexados.c,178 :: 		A = 0x01;
0x008E	0x1406      	BSF        RB0_bit, BitPos(RB0_bit+0)
;Displays_Multiplexados.c,179 :: 		B = 0x01;
0x008F	0x1486      	BSF        RB1_bit, BitPos(RB1_bit+0)
;Displays_Multiplexados.c,180 :: 		C = 0x01;
0x0090	0x1506      	BSF        RB2_bit, BitPos(RB2_bit+0)
;Displays_Multiplexados.c,181 :: 		D = 0x01;
0x0091	0x1586      	BSF        RB3_bit, BitPos(RB3_bit+0)
;Displays_Multiplexados.c,182 :: 		E = 0x00;
0x0092	0x1206      	BCF        RB4_bit, BitPos(RB4_bit+0)
;Displays_Multiplexados.c,183 :: 		F = 0x00;
0x0093	0x1286      	BCF        RB5_bit, BitPos(RB5_bit+0)
;Displays_Multiplexados.c,184 :: 		G = 0x01;
0x0094	0x1706      	BSF        RB6_bit, BitPos(RB6_bit+0)
;Displays_Multiplexados.c,185 :: 		}
0x0095	0x28F5      	GOTO       L_decodeDisplay26
L_decodeDisplay25:
;Displays_Multiplexados.c,188 :: 		else if (num == 0x04)
0x0096	0x3000      	MOVLW      0
0x0097	0x062D      	XORWF      FARG_decodeDisplay_num+1, 0
0x0098	0x1D03      	BTFSS      STATUS, 2
0x0099	0x289C      	GOTO       L__decodeDisplay53
0x009A	0x3004      	MOVLW      4
0x009B	0x062C      	XORWF      FARG_decodeDisplay_num, 0
L__decodeDisplay53:
0x009C	0x1D03      	BTFSS      STATUS, 2
0x009D	0x28A6      	GOTO       L_decodeDisplay27
;Displays_Multiplexados.c,190 :: 		A = 0x00;
0x009E	0x1006      	BCF        RB0_bit, BitPos(RB0_bit+0)
;Displays_Multiplexados.c,191 :: 		B = 0x01;
0x009F	0x1486      	BSF        RB1_bit, BitPos(RB1_bit+0)
;Displays_Multiplexados.c,192 :: 		C = 0x01;
0x00A0	0x1506      	BSF        RB2_bit, BitPos(RB2_bit+0)
;Displays_Multiplexados.c,193 :: 		D = 0x00;
0x00A1	0x1186      	BCF        RB3_bit, BitPos(RB3_bit+0)
;Displays_Multiplexados.c,194 :: 		E = 0x00;
0x00A2	0x1206      	BCF        RB4_bit, BitPos(RB4_bit+0)
;Displays_Multiplexados.c,195 :: 		F = 0x01;
0x00A3	0x1686      	BSF        RB5_bit, BitPos(RB5_bit+0)
;Displays_Multiplexados.c,196 :: 		G = 0x01;
0x00A4	0x1706      	BSF        RB6_bit, BitPos(RB6_bit+0)
;Displays_Multiplexados.c,197 :: 		}
0x00A5	0x28F5      	GOTO       L_decodeDisplay28
L_decodeDisplay27:
;Displays_Multiplexados.c,200 :: 		else if (num == 0x05)
0x00A6	0x3000      	MOVLW      0
0x00A7	0x062D      	XORWF      FARG_decodeDisplay_num+1, 0
0x00A8	0x1D03      	BTFSS      STATUS, 2
0x00A9	0x28AC      	GOTO       L__decodeDisplay54
0x00AA	0x3005      	MOVLW      5
0x00AB	0x062C      	XORWF      FARG_decodeDisplay_num, 0
L__decodeDisplay54:
0x00AC	0x1D03      	BTFSS      STATUS, 2
0x00AD	0x28B6      	GOTO       L_decodeDisplay29
;Displays_Multiplexados.c,202 :: 		A = 0x01;
0x00AE	0x1406      	BSF        RB0_bit, BitPos(RB0_bit+0)
;Displays_Multiplexados.c,203 :: 		B = 0x00;
0x00AF	0x1086      	BCF        RB1_bit, BitPos(RB1_bit+0)
;Displays_Multiplexados.c,204 :: 		C = 0x01;
0x00B0	0x1506      	BSF        RB2_bit, BitPos(RB2_bit+0)
;Displays_Multiplexados.c,205 :: 		D = 0x01;
0x00B1	0x1586      	BSF        RB3_bit, BitPos(RB3_bit+0)
;Displays_Multiplexados.c,206 :: 		E = 0x00;
0x00B2	0x1206      	BCF        RB4_bit, BitPos(RB4_bit+0)
;Displays_Multiplexados.c,207 :: 		F = 0x01;
0x00B3	0x1686      	BSF        RB5_bit, BitPos(RB5_bit+0)
;Displays_Multiplexados.c,208 :: 		G = 0x01;
0x00B4	0x1706      	BSF        RB6_bit, BitPos(RB6_bit+0)
;Displays_Multiplexados.c,209 :: 		}
0x00B5	0x28F5      	GOTO       L_decodeDisplay30
L_decodeDisplay29:
;Displays_Multiplexados.c,212 :: 		else if (num == 0x06)
0x00B6	0x3000      	MOVLW      0
0x00B7	0x062D      	XORWF      FARG_decodeDisplay_num+1, 0
0x00B8	0x1D03      	BTFSS      STATUS, 2
0x00B9	0x28BC      	GOTO       L__decodeDisplay55
0x00BA	0x3006      	MOVLW      6
0x00BB	0x062C      	XORWF      FARG_decodeDisplay_num, 0
L__decodeDisplay55:
0x00BC	0x1D03      	BTFSS      STATUS, 2
0x00BD	0x28C6      	GOTO       L_decodeDisplay31
;Displays_Multiplexados.c,214 :: 		A = 0x01;
0x00BE	0x1406      	BSF        RB0_bit, BitPos(RB0_bit+0)
;Displays_Multiplexados.c,215 :: 		B = 0x00;
0x00BF	0x1086      	BCF        RB1_bit, BitPos(RB1_bit+0)
;Displays_Multiplexados.c,216 :: 		C = 0x01;
0x00C0	0x1506      	BSF        RB2_bit, BitPos(RB2_bit+0)
;Displays_Multiplexados.c,217 :: 		D = 0x01;
0x00C1	0x1586      	BSF        RB3_bit, BitPos(RB3_bit+0)
;Displays_Multiplexados.c,218 :: 		E = 0x01;
0x00C2	0x1606      	BSF        RB4_bit, BitPos(RB4_bit+0)
;Displays_Multiplexados.c,219 :: 		F = 0x01;
0x00C3	0x1686      	BSF        RB5_bit, BitPos(RB5_bit+0)
;Displays_Multiplexados.c,220 :: 		G = 0x01;
0x00C4	0x1706      	BSF        RB6_bit, BitPos(RB6_bit+0)
;Displays_Multiplexados.c,221 :: 		}
0x00C5	0x28F5      	GOTO       L_decodeDisplay32
L_decodeDisplay31:
;Displays_Multiplexados.c,223 :: 		else if (num == 0x07)
0x00C6	0x3000      	MOVLW      0
0x00C7	0x062D      	XORWF      FARG_decodeDisplay_num+1, 0
0x00C8	0x1D03      	BTFSS      STATUS, 2
0x00C9	0x28CC      	GOTO       L__decodeDisplay56
0x00CA	0x3007      	MOVLW      7
0x00CB	0x062C      	XORWF      FARG_decodeDisplay_num, 0
L__decodeDisplay56:
0x00CC	0x1D03      	BTFSS      STATUS, 2
0x00CD	0x28D6      	GOTO       L_decodeDisplay33
;Displays_Multiplexados.c,225 :: 		A = 0x01;
0x00CE	0x1406      	BSF        RB0_bit, BitPos(RB0_bit+0)
;Displays_Multiplexados.c,226 :: 		B = 0x01;
0x00CF	0x1486      	BSF        RB1_bit, BitPos(RB1_bit+0)
;Displays_Multiplexados.c,227 :: 		C = 0x01;
0x00D0	0x1506      	BSF        RB2_bit, BitPos(RB2_bit+0)
;Displays_Multiplexados.c,228 :: 		D = 0x00;
0x00D1	0x1186      	BCF        RB3_bit, BitPos(RB3_bit+0)
;Displays_Multiplexados.c,229 :: 		E = 0x00;
0x00D2	0x1206      	BCF        RB4_bit, BitPos(RB4_bit+0)
;Displays_Multiplexados.c,230 :: 		F = 0x00;
0x00D3	0x1286      	BCF        RB5_bit, BitPos(RB5_bit+0)
;Displays_Multiplexados.c,231 :: 		G = 0x00;
0x00D4	0x1306      	BCF        RB6_bit, BitPos(RB6_bit+0)
;Displays_Multiplexados.c,232 :: 		}
0x00D5	0x28F5      	GOTO       L_decodeDisplay34
L_decodeDisplay33:
;Displays_Multiplexados.c,234 :: 		else if (num == 0x08)
0x00D6	0x3000      	MOVLW      0
0x00D7	0x062D      	XORWF      FARG_decodeDisplay_num+1, 0
0x00D8	0x1D03      	BTFSS      STATUS, 2
0x00D9	0x28DC      	GOTO       L__decodeDisplay57
0x00DA	0x3008      	MOVLW      8
0x00DB	0x062C      	XORWF      FARG_decodeDisplay_num, 0
L__decodeDisplay57:
0x00DC	0x1D03      	BTFSS      STATUS, 2
0x00DD	0x28E6      	GOTO       L_decodeDisplay35
;Displays_Multiplexados.c,236 :: 		A = 0x01;
0x00DE	0x1406      	BSF        RB0_bit, BitPos(RB0_bit+0)
;Displays_Multiplexados.c,237 :: 		B = 0x01;
0x00DF	0x1486      	BSF        RB1_bit, BitPos(RB1_bit+0)
;Displays_Multiplexados.c,238 :: 		C = 0x01;
0x00E0	0x1506      	BSF        RB2_bit, BitPos(RB2_bit+0)
;Displays_Multiplexados.c,239 :: 		D = 0x01;
0x00E1	0x1586      	BSF        RB3_bit, BitPos(RB3_bit+0)
;Displays_Multiplexados.c,240 :: 		E = 0x01;
0x00E2	0x1606      	BSF        RB4_bit, BitPos(RB4_bit+0)
;Displays_Multiplexados.c,241 :: 		F = 0x01;
0x00E3	0x1686      	BSF        RB5_bit, BitPos(RB5_bit+0)
;Displays_Multiplexados.c,242 :: 		G = 0x01;
0x00E4	0x1706      	BSF        RB6_bit, BitPos(RB6_bit+0)
;Displays_Multiplexados.c,243 :: 		}
0x00E5	0x28F5      	GOTO       L_decodeDisplay36
L_decodeDisplay35:
;Displays_Multiplexados.c,246 :: 		else if (num == 0x09)
0x00E6	0x3000      	MOVLW      0
0x00E7	0x062D      	XORWF      FARG_decodeDisplay_num+1, 0
0x00E8	0x1D03      	BTFSS      STATUS, 2
0x00E9	0x28EC      	GOTO       L__decodeDisplay58
0x00EA	0x3009      	MOVLW      9
0x00EB	0x062C      	XORWF      FARG_decodeDisplay_num, 0
L__decodeDisplay58:
0x00EC	0x1D03      	BTFSS      STATUS, 2
0x00ED	0x28F5      	GOTO       L_decodeDisplay37
;Displays_Multiplexados.c,248 :: 		A = 0x01;
0x00EE	0x1406      	BSF        RB0_bit, BitPos(RB0_bit+0)
;Displays_Multiplexados.c,249 :: 		B = 0x01;
0x00EF	0x1486      	BSF        RB1_bit, BitPos(RB1_bit+0)
;Displays_Multiplexados.c,250 :: 		C = 0x01;
0x00F0	0x1506      	BSF        RB2_bit, BitPos(RB2_bit+0)
;Displays_Multiplexados.c,251 :: 		D = 0x01;
0x00F1	0x1586      	BSF        RB3_bit, BitPos(RB3_bit+0)
;Displays_Multiplexados.c,252 :: 		E = 0x00;
0x00F2	0x1206      	BCF        RB4_bit, BitPos(RB4_bit+0)
;Displays_Multiplexados.c,253 :: 		F = 0x01;
0x00F3	0x1686      	BSF        RB5_bit, BitPos(RB5_bit+0)
;Displays_Multiplexados.c,254 :: 		G = 0x01;
0x00F4	0x1706      	BSF        RB6_bit, BitPos(RB6_bit+0)
;Displays_Multiplexados.c,255 :: 		}
L_decodeDisplay37:
L_decodeDisplay36:
L_decodeDisplay34:
L_decodeDisplay32:
L_decodeDisplay30:
L_decodeDisplay28:
L_decodeDisplay26:
L_decodeDisplay24:
L_decodeDisplay22:
L_decodeDisplay20:
;Displays_Multiplexados.c,256 :: 		}
L_end_decodeDisplay:
0x00F5	0x0008      	RETURN
; end of _decodeDisplay
_Div_16x16_S:
;__Lib_Math.c,479 :: 		
;__Lib_Math.c,487 :: 		
0x00F6	0x1283      	BCF        STATUS, 5
0x00F7	0x1303      	BCF        STATUS, 6
0x00F8	0x0874      	MOVF       R4, 0
0x00F9	0x3A00      	XORLW      0
0x00FA	0x1D03      	BTFSS      STATUS, 2
0x00FB	0x2905      	GOTO       L_Div_16x16_S0
;__Lib_Math.c,488 :: 		
0x00FC	0x0875      	MOVF       R5, 0
0x00FD	0x3A00      	XORLW      0
0x00FE	0x1D03      	BTFSS      STATUS, 2
0x00FF	0x2905      	GOTO       L_Div_16x16_S1
;__Lib_Math.c,489 :: 		
0x0100	0x30FF      	MOVLW      255
0x0101	0x00F0      	MOVWF      R0
;__Lib_Math.c,490 :: 		
0x0102	0x307F      	MOVLW      127
0x0103	0x00F1      	MOVWF      R1
;__Lib_Math.c,491 :: 		
0x0104	0x295E      	GOTO       L_end_Div_16x16_S
;__Lib_Math.c,492 :: 		
L_Div_16x16_S1:
L_Div_16x16_S0:
;__Lib_Math.c,495 :: 		
0x0105	0x1283      	BCF        STATUS, 5
;__Lib_Math.c,496 :: 		
0x0106	0x1303      	BCF        STATUS, 6
;__Lib_Math.c,497 :: 		
0x0107	0x01FD      	CLRF       R13
;__Lib_Math.c,498 :: 		
0x0108	0x01F9      	CLRF       R9
;__Lib_Math.c,499 :: 		
0x0109	0x01F8      	CLRF       R8
;__Lib_Math.c,500 :: 		
0x010A	0x0871      	MOVF       R1, 0
;__Lib_Math.c,501 :: 		
0x010B	0x0470      	IORWF      R0, 0
;__Lib_Math.c,502 :: 		
0x010C	0x1903      	BTFSC      STATUS, 2
;__Lib_Math.c,503 :: 		
0x010D	0x3400      	RETLW      0
;__Lib_Math.c,505 :: 		
0x010E	0x0871      	MOVF       R1, 0
;__Lib_Math.c,506 :: 		
0x010F	0x0675      	XORWF      R5, 0
;__Lib_Math.c,507 :: 		
0x0110	0x00FA      	MOVWF      R10
;__Lib_Math.c,508 :: 		
0x0111	0x1BFA      	BTFSC      R10, 7
;__Lib_Math.c,509 :: 		
0x0112	0x09FD      	COMF       R13, 1
;__Lib_Math.c,511 :: 		
0x0113	0x01FB      	CLRF       R11
;__Lib_Math.c,513 :: 		
0x0114	0x1FF5      	BTFSS      R5, 7
;__Lib_Math.c,514 :: 		
0x0115	0x291B      	GOTO       $+6
;__Lib_Math.c,516 :: 		
0x0116	0x09F4      	COMF       R4, 1
;__Lib_Math.c,517 :: 		
0x0117	0x09F5      	COMF       R5, 1
;__Lib_Math.c,518 :: 		
0x0118	0x0AF4      	INCF       R4, 1
;__Lib_Math.c,519 :: 		
0x0119	0x1903      	BTFSC      STATUS, 2
;__Lib_Math.c,520 :: 		
0x011A	0x0AF5      	INCF       R5, 1
;__Lib_Math.c,522 :: 		
0x011B	0x1FF1      	BTFSS      R1, 7
;__Lib_Math.c,523 :: 		
0x011C	0x2922      	GOTO       $+6
;__Lib_Math.c,525 :: 		
0x011D	0x09F0      	COMF       R0, 1
;__Lib_Math.c,526 :: 		
0x011E	0x09F1      	COMF       R1, 1
;__Lib_Math.c,527 :: 		
0x011F	0x0AF0      	INCF       R0, 1
;__Lib_Math.c,528 :: 		
0x0120	0x1903      	BTFSC      STATUS, 2
;__Lib_Math.c,529 :: 		
0x0121	0x0AF1      	INCF       R1, 1
;__Lib_Math.c,531 :: 		
0x0122	0x0871      	MOVF       R1, 0
;__Lib_Math.c,532 :: 		
0x0123	0x0475      	IORWF      R5, 0
;__Lib_Math.c,533 :: 		
0x0124	0x00FA      	MOVWF      R10
;__Lib_Math.c,534 :: 		
0x0125	0x1BFA      	BTFSC      R10, 7
;__Lib_Math.c,535 :: 		
0x0126	0x2937      	GOTO       $+17
;__Lib_Math.c,537 :: 		
0x0127	0x2028      	CALL       _Div_16x16_S_L
;__Lib_Math.c,539 :: 		
0x0128	0x187B      	BTFSC      R11, 0
;__Lib_Math.c,540 :: 		
0x0129	0x294A      	GOTO       $+33
;__Lib_Math.c,542 :: 		
0x012A	0x1FFD      	BTFSS      R13, 7
;__Lib_Math.c,543 :: 		
0x012B	0x3400      	RETLW      0
;__Lib_Math.c,545 :: 		
0x012C	0x09F0      	COMF       R0, 1
;__Lib_Math.c,546 :: 		
0x012D	0x09F1      	COMF       R1, 1
;__Lib_Math.c,547 :: 		
0x012E	0x0AF0      	INCF       R0, 1
;__Lib_Math.c,548 :: 		
0x012F	0x1903      	BTFSC      STATUS, 2
;__Lib_Math.c,549 :: 		
0x0130	0x0AF1      	INCF       R1, 1
;__Lib_Math.c,551 :: 		
0x0131	0x09F8      	COMF       R8, 1
;__Lib_Math.c,552 :: 		
0x0132	0x09F9      	COMF       R9, 1
;__Lib_Math.c,553 :: 		
0x0133	0x0AF8      	INCF       R8, 1
;__Lib_Math.c,554 :: 		
0x0134	0x1903      	BTFSC      STATUS, 2
;__Lib_Math.c,555 :: 		
0x0135	0x0AF9      	INCF       R9, 1
;__Lib_Math.c,557 :: 		
0x0136	0x3400      	RETLW      0
;__Lib_Math.c,559 :: 		
0x0137	0x1FF5      	BTFSS      R5, 7
;__Lib_Math.c,560 :: 		
0x0138	0x2946      	GOTO       $+14
;__Lib_Math.c,561 :: 		
0x0139	0x1BF1      	BTFSC      R1, 7
;__Lib_Math.c,562 :: 		
0x013A	0x2942      	GOTO       $+8
;__Lib_Math.c,563 :: 		
0x013B	0x0871      	MOVF       R1, 0
;__Lib_Math.c,564 :: 		
0x013C	0x00F9      	MOVWF      R9
;__Lib_Math.c,565 :: 		
0x013D	0x0870      	MOVF       R0, 0
;__Lib_Math.c,566 :: 		
0x013E	0x00F8      	MOVWF      R8
;__Lib_Math.c,567 :: 		
0x013F	0x01F1      	CLRF       R1
;__Lib_Math.c,568 :: 		
0x0140	0x01F0      	CLRF       R0
;__Lib_Math.c,569 :: 		
0x0141	0x292A      	GOTO       $-23
;__Lib_Math.c,570 :: 		
0x0142	0x01F1      	CLRF       R1
;__Lib_Math.c,571 :: 		
0x0143	0x01F0      	CLRF       R0
;__Lib_Math.c,572 :: 		
0x0144	0x0AF0      	INCF       R0, 1
;__Lib_Math.c,573 :: 		
0x0145	0x3400      	RETLW      0
;__Lib_Math.c,575 :: 		
0x0146	0x09F1      	COMF       R1, 1
;__Lib_Math.c,576 :: 		
0x0147	0x09F0      	COMF       R0, 1
;__Lib_Math.c,577 :: 		
0x0148	0x0AFB      	INCF       R11, 1
;__Lib_Math.c,578 :: 		
0x0149	0x2927      	GOTO       $-34
;__Lib_Math.c,580 :: 		
0x014A	0x0AF8      	INCF       R8, 1
;__Lib_Math.c,581 :: 		
0x014B	0x1903      	BTFSC      STATUS, 2
;__Lib_Math.c,582 :: 		
0x014C	0x0AF9      	INCF       R9, 1
;__Lib_Math.c,583 :: 		
0x014D	0x0874      	MOVF       R4, 0
;__Lib_Math.c,584 :: 		
0x014E	0x0278      	SUBWF      R8, 0
;__Lib_Math.c,585 :: 		
0x014F	0x1D03      	BTFSS      STATUS, 2
;__Lib_Math.c,586 :: 		
0x0150	0x292A      	GOTO       $-38
;__Lib_Math.c,587 :: 		
0x0151	0x0875      	MOVF       R5, 0
;__Lib_Math.c,588 :: 		
0x0152	0x0279      	SUBWF      R9, 0
;__Lib_Math.c,589 :: 		
0x0153	0x1D03      	BTFSS      STATUS, 2
;__Lib_Math.c,590 :: 		
0x0154	0x292A      	GOTO       $-42
;__Lib_Math.c,591 :: 		
0x0155	0x01F9      	CLRF       R9
;__Lib_Math.c,592 :: 		
0x0156	0x01F8      	CLRF       R8
;__Lib_Math.c,593 :: 		
0x0157	0x0AF0      	INCF       R0, 1
;__Lib_Math.c,594 :: 		
0x0158	0x1903      	BTFSC      STATUS, 2
;__Lib_Math.c,595 :: 		
0x0159	0x0AF1      	INCF       R1, 1
;__Lib_Math.c,596 :: 		
0x015A	0x1FF1      	BTFSS      R1, 7
;__Lib_Math.c,597 :: 		
0x015B	0x292A      	GOTO       $-49
;__Lib_Math.c,598 :: 		
0x015C	0x0000      	NOP
;__Lib_Math.c,599 :: 		
0x015D	0x34FF      	RETLW      255
;__Lib_Math.c,601 :: 		
L_end_Div_16x16_S:
0x015E	0x0008      	RETURN
; end of _Div_16x16_S
_____DoICP:
;__Lib_System.c,6 :: 		
;__Lib_System.c,9 :: 		
0x015F	0x1283      	BCF        STATUS, 5
0x0160	0x1303      	BCF        STATUS, 6
0x0161	0x0825      	MOVF       ___DoICPAddr+1, 0
0x0162	0x008A      	MOVWF      PCLATH
;__Lib_System.c,10 :: 		
0x0163	0x0824      	MOVF       ___DoICPAddr, 0
0x0164	0x0082      	MOVWF      PCL
;__Lib_System.c,12 :: 		
L_end_____DoICP:
0x0165	0x0008      	RETURN
; end of _____DoICP
_clearData:
;Displays_Multiplexados.c,126 :: 		void clearData()                                                                // Função auxiliar que limpa o barramento de dados
;Displays_Multiplexados.c,128 :: 		A = 0x00;
0x0166	0x1283      	BCF        STATUS, 5
0x0167	0x1303      	BCF        STATUS, 6
0x0168	0x1006      	BCF        RB0_bit, BitPos(RB0_bit+0)
;Displays_Multiplexados.c,129 :: 		B = 0x00;
0x0169	0x1086      	BCF        RB1_bit, BitPos(RB1_bit+0)
;Displays_Multiplexados.c,130 :: 		C = 0x00;
0x016A	0x1106      	BCF        RB2_bit, BitPos(RB2_bit+0)
;Displays_Multiplexados.c,131 :: 		D = 0x00;
0x016B	0x1186      	BCF        RB3_bit, BitPos(RB3_bit+0)
;Displays_Multiplexados.c,132 :: 		E = 0x00;
0x016C	0x1206      	BCF        RB4_bit, BitPos(RB4_bit+0)
;Displays_Multiplexados.c,133 :: 		F = 0x00;
0x016D	0x1286      	BCF        RB5_bit, BitPos(RB5_bit+0)
;Displays_Multiplexados.c,134 :: 		G = 0x00;
0x016E	0x1306      	BCF        RB6_bit, BitPos(RB6_bit+0)
;Displays_Multiplexados.c,135 :: 		}
L_end_clearData:
0x016F	0x0008      	RETURN
; end of _clearData
_DispMultiplex:
;Displays_Multiplexados.c,76 :: 		void DispMultiplex(int num)
;Displays_Multiplexados.c,80 :: 		if (display == 0x01 && dsp1)                                                  // Multiplexa display 1
0x0170	0x1283      	BCF        STATUS, 5
0x0171	0x1303      	BCF        STATUS, 6
0x0172	0x0823      	MOVF       DispMultiplex_display_L0, 0
0x0173	0x3A01      	XORLW      1
0x0174	0x1D03      	BTFSS      STATUS, 2
0x0175	0x298E      	GOTO       L_DispMultiplex6
0x0176	0x1C08      	BTFSS      RD0_bit, BitPos(RD0_bit+0)
0x0177	0x298E      	GOTO       L_DispMultiplex6
L__DispMultiplex41:
;Displays_Multiplexados.c,82 :: 		display =  0x02;
0x0178	0x3002      	MOVLW      2
0x0179	0x00A3      	MOVWF      DispMultiplex_display_L0
;Displays_Multiplexados.c,83 :: 		dsp2 = 0x01;
0x017A	0x1488      	BSF        RD1_bit, BitPos(RD1_bit+0)
;Displays_Multiplexados.c,84 :: 		dsp3 = 0x01;
0x017B	0x1508      	BSF        RD2_bit, BitPos(RD2_bit+0)
;Displays_Multiplexados.c,85 :: 		dsp4 = 0x01;
0x017C	0x1588      	BSF        RD3_bit, BitPos(RD3_bit+0)
;Displays_Multiplexados.c,86 :: 		clearData();
0x017D	0x2166      	CALL       _clearData
;Displays_Multiplexados.c,87 :: 		dsp1 = 0x00;
0x017E	0x1008      	BCF        RD0_bit, BitPos(RD0_bit+0)
;Displays_Multiplexados.c,88 :: 		decodeDisplay (num/1000);
0x017F	0x30E8      	MOVLW      232
0x0180	0x00F4      	MOVWF      R4
0x0181	0x3003      	MOVLW      3
0x0182	0x00F5      	MOVWF      R4+1
0x0183	0x082A      	MOVF       FARG_DispMultiplex_num, 0
0x0184	0x00F0      	MOVWF      R0
0x0185	0x082B      	MOVF       FARG_DispMultiplex_num+1, 0
0x0186	0x00F1      	MOVWF      R0+1
0x0187	0x20F6      	CALL       _Div_16x16_S
0x0188	0x0870      	MOVF       R0, 0
0x0189	0x00AC      	MOVWF      FARG_decodeDisplay_num
0x018A	0x0871      	MOVF       R0+1, 0
0x018B	0x00AD      	MOVWF      FARG_decodeDisplay_num+1
0x018C	0x2054      	CALL       _decodeDisplay
;Displays_Multiplexados.c,89 :: 		}
0x018D	0x2A00      	GOTO       L_DispMultiplex7
L_DispMultiplex6:
;Displays_Multiplexados.c,91 :: 		else if (display == 0x02 && dsp2)                                             // Multiplexa display 2
0x018E	0x0823      	MOVF       DispMultiplex_display_L0, 0
0x018F	0x3A02      	XORLW      2
0x0190	0x1D03      	BTFSS      STATUS, 2
0x0191	0x29B3      	GOTO       L_DispMultiplex10
0x0192	0x1C88      	BTFSS      RD1_bit, BitPos(RD1_bit+0)
0x0193	0x29B3      	GOTO       L_DispMultiplex10
L__DispMultiplex40:
;Displays_Multiplexados.c,93 :: 		display =  0x03;
0x0194	0x3003      	MOVLW      3
0x0195	0x00A3      	MOVWF      DispMultiplex_display_L0
;Displays_Multiplexados.c,94 :: 		dsp1 = 0x01;
0x0196	0x1408      	BSF        RD0_bit, BitPos(RD0_bit+0)
;Displays_Multiplexados.c,95 :: 		dsp3 = 0x01;
0x0197	0x1508      	BSF        RD2_bit, BitPos(RD2_bit+0)
;Displays_Multiplexados.c,96 :: 		dsp4 = 0x01;
0x0198	0x1588      	BSF        RD3_bit, BitPos(RD3_bit+0)
;Displays_Multiplexados.c,97 :: 		clearData();
0x0199	0x2166      	CALL       _clearData
;Displays_Multiplexados.c,98 :: 		dsp2 = 0x00;
0x019A	0x1088      	BCF        RD1_bit, BitPos(RD1_bit+0)
;Displays_Multiplexados.c,99 :: 		decodeDisplay ((num % 1000)/100);
0x019B	0x30E8      	MOVLW      232
0x019C	0x00F4      	MOVWF      R4
0x019D	0x3003      	MOVLW      3
0x019E	0x00F5      	MOVWF      R4+1
0x019F	0x082A      	MOVF       FARG_DispMultiplex_num, 0
0x01A0	0x00F0      	MOVWF      R0
0x01A1	0x082B      	MOVF       FARG_DispMultiplex_num+1, 0
0x01A2	0x00F1      	MOVWF      R0+1
0x01A3	0x20F6      	CALL       _Div_16x16_S
0x01A4	0x0878      	MOVF       R8, 0
0x01A5	0x00F0      	MOVWF      R0
0x01A6	0x0879      	MOVF       R8+1, 0
0x01A7	0x00F1      	MOVWF      R0+1
0x01A8	0x3064      	MOVLW      100
0x01A9	0x00F4      	MOVWF      R4
0x01AA	0x3000      	MOVLW      0
0x01AB	0x00F5      	MOVWF      R4+1
0x01AC	0x20F6      	CALL       _Div_16x16_S
0x01AD	0x0870      	MOVF       R0, 0
0x01AE	0x00AC      	MOVWF      FARG_decodeDisplay_num
0x01AF	0x0871      	MOVF       R0+1, 0
0x01B0	0x00AD      	MOVWF      FARG_decodeDisplay_num+1
0x01B1	0x2054      	CALL       _decodeDisplay
;Displays_Multiplexados.c,100 :: 		}
0x01B2	0x2A00      	GOTO       L_DispMultiplex11
L_DispMultiplex10:
;Displays_Multiplexados.c,102 :: 		else if (display == 0x03 && dsp3)                                             // Multiplexa display 3
0x01B3	0x0823      	MOVF       DispMultiplex_display_L0, 0
0x01B4	0x3A03      	XORLW      3
0x01B5	0x1D03      	BTFSS      STATUS, 2
0x01B6	0x29E1      	GOTO       L_DispMultiplex14
0x01B7	0x1D08      	BTFSS      RD2_bit, BitPos(RD2_bit+0)
0x01B8	0x29E1      	GOTO       L_DispMultiplex14
L__DispMultiplex39:
;Displays_Multiplexados.c,104 :: 		display =  0x04;
0x01B9	0x3004      	MOVLW      4
0x01BA	0x00A3      	MOVWF      DispMultiplex_display_L0
;Displays_Multiplexados.c,105 :: 		dsp1 = 0x01;
0x01BB	0x1408      	BSF        RD0_bit, BitPos(RD0_bit+0)
;Displays_Multiplexados.c,106 :: 		dsp2 = 0x01;
0x01BC	0x1488      	BSF        RD1_bit, BitPos(RD1_bit+0)
;Displays_Multiplexados.c,107 :: 		dsp4 = 0x01;
0x01BD	0x1588      	BSF        RD3_bit, BitPos(RD3_bit+0)
;Displays_Multiplexados.c,108 :: 		clearData();
0x01BE	0x2166      	CALL       _clearData
;Displays_Multiplexados.c,109 :: 		dsp3 = 0x00;
0x01BF	0x1108      	BCF        RD2_bit, BitPos(RD2_bit+0)
;Displays_Multiplexados.c,110 :: 		decodeDisplay (((num % 1000)%100)/10);
0x01C0	0x30E8      	MOVLW      232
0x01C1	0x00F4      	MOVWF      R4
0x01C2	0x3003      	MOVLW      3
0x01C3	0x00F5      	MOVWF      R4+1
0x01C4	0x082A      	MOVF       FARG_DispMultiplex_num, 0
0x01C5	0x00F0      	MOVWF      R0
0x01C6	0x082B      	MOVF       FARG_DispMultiplex_num+1, 0
0x01C7	0x00F1      	MOVWF      R0+1
0x01C8	0x20F6      	CALL       _Div_16x16_S
0x01C9	0x0878      	MOVF       R8, 0
0x01CA	0x00F0      	MOVWF      R0
0x01CB	0x0879      	MOVF       R8+1, 0
0x01CC	0x00F1      	MOVWF      R0+1
0x01CD	0x3064      	MOVLW      100
0x01CE	0x00F4      	MOVWF      R4
0x01CF	0x3000      	MOVLW      0
0x01D0	0x00F5      	MOVWF      R4+1
0x01D1	0x20F6      	CALL       _Div_16x16_S
0x01D2	0x0878      	MOVF       R8, 0
0x01D3	0x00F0      	MOVWF      R0
0x01D4	0x0879      	MOVF       R8+1, 0
0x01D5	0x00F1      	MOVWF      R0+1
0x01D6	0x300A      	MOVLW      10
0x01D7	0x00F4      	MOVWF      R4
0x01D8	0x3000      	MOVLW      0
0x01D9	0x00F5      	MOVWF      R4+1
0x01DA	0x20F6      	CALL       _Div_16x16_S
0x01DB	0x0870      	MOVF       R0, 0
0x01DC	0x00AC      	MOVWF      FARG_decodeDisplay_num
0x01DD	0x0871      	MOVF       R0+1, 0
0x01DE	0x00AD      	MOVWF      FARG_decodeDisplay_num+1
0x01DF	0x2054      	CALL       _decodeDisplay
;Displays_Multiplexados.c,111 :: 		}
0x01E0	0x2A00      	GOTO       L_DispMultiplex15
L_DispMultiplex14:
;Displays_Multiplexados.c,113 :: 		else if (display == 0x04 && dsp4)                                             // Multiplexa display 4
0x01E1	0x0823      	MOVF       DispMultiplex_display_L0, 0
0x01E2	0x3A04      	XORLW      4
0x01E3	0x1D03      	BTFSS      STATUS, 2
0x01E4	0x2A00      	GOTO       L_DispMultiplex18
0x01E5	0x1D88      	BTFSS      RD3_bit, BitPos(RD3_bit+0)
0x01E6	0x2A00      	GOTO       L_DispMultiplex18
L__DispMultiplex38:
;Displays_Multiplexados.c,115 :: 		display =  0x01;
0x01E7	0x3001      	MOVLW      1
0x01E8	0x00A3      	MOVWF      DispMultiplex_display_L0
;Displays_Multiplexados.c,116 :: 		dsp1 = 0x01;
0x01E9	0x1408      	BSF        RD0_bit, BitPos(RD0_bit+0)
;Displays_Multiplexados.c,117 :: 		dsp2 = 0x01;
0x01EA	0x1488      	BSF        RD1_bit, BitPos(RD1_bit+0)
;Displays_Multiplexados.c,118 :: 		dsp3 = 0x01;
0x01EB	0x1508      	BSF        RD2_bit, BitPos(RD2_bit+0)
;Displays_Multiplexados.c,119 :: 		clearData();
0x01EC	0x2166      	CALL       _clearData
;Displays_Multiplexados.c,120 :: 		dsp4 = 0x00;
0x01ED	0x1188      	BCF        RD3_bit, BitPos(RD3_bit+0)
;Displays_Multiplexados.c,121 :: 		decodeDisplay (num % 10);
0x01EE	0x300A      	MOVLW      10
0x01EF	0x00F4      	MOVWF      R4
0x01F0	0x3000      	MOVLW      0
0x01F1	0x00F5      	MOVWF      R4+1
0x01F2	0x082A      	MOVF       FARG_DispMultiplex_num, 0
0x01F3	0x00F0      	MOVWF      R0
0x01F4	0x082B      	MOVF       FARG_DispMultiplex_num+1, 0
0x01F5	0x00F1      	MOVWF      R0+1
0x01F6	0x20F6      	CALL       _Div_16x16_S
0x01F7	0x0878      	MOVF       R8, 0
0x01F8	0x00F0      	MOVWF      R0
0x01F9	0x0879      	MOVF       R8+1, 0
0x01FA	0x00F1      	MOVWF      R0+1
0x01FB	0x0870      	MOVF       R0, 0
0x01FC	0x00AC      	MOVWF      FARG_decodeDisplay_num
0x01FD	0x0871      	MOVF       R0+1, 0
0x01FE	0x00AD      	MOVWF      FARG_decodeDisplay_num+1
0x01FF	0x2054      	CALL       _decodeDisplay
;Displays_Multiplexados.c,122 :: 		}
L_DispMultiplex18:
L_DispMultiplex15:
L_DispMultiplex11:
L_DispMultiplex7:
;Displays_Multiplexados.c,123 :: 		}
L_end_DispMultiplex:
0x0200	0x0008      	RETURN
; end of _DispMultiplex
_displayInit:
;Displays_Multiplexados.c,60 :: 		void displayInit()                                                              // Inicializa display e configura timer0
;Displays_Multiplexados.c,62 :: 		TRISB = 0x00;                                                                 // Configura PORTB como saida
0x0201	0x1683      	BSF        STATUS, 5
0x0202	0x1303      	BCF        STATUS, 6
0x0203	0x0186      	CLRF       TRISB
;Displays_Multiplexados.c,63 :: 		PORTB = 0x00;                                                                 // Configura PORTD como saida
0x0204	0x1283      	BCF        STATUS, 5
0x0205	0x0186      	CLRF       PORTB
;Displays_Multiplexados.c,65 :: 		TRISD = 0x00;
0x0206	0x1683      	BSF        STATUS, 5
0x0207	0x0188      	CLRF       TRISD
;Displays_Multiplexados.c,66 :: 		PORTD = 0x0F;
0x0208	0x300F      	MOVLW      15
0x0209	0x1283      	BCF        STATUS, 5
0x020A	0x0088      	MOVWF      PORTD
;Displays_Multiplexados.c,68 :: 		GIE_bit = 0x01;                                                               // Habilita interrupção global
0x020B	0x178B      	BSF        GIE_bit, BitPos(GIE_bit+0)
;Displays_Multiplexados.c,69 :: 		PEIE_bit = 0x01;                                                              // Habilita interrupção periférica
0x020C	0x170B      	BSF        PEIE_bit, BitPos(PEIE_bit+0)
;Displays_Multiplexados.c,70 :: 		TMR0IE_bit = 0x01;                                                            // Habilita interrupção do TIMER0
0x020D	0x168B      	BSF        TMR0IE_bit, BitPos(TMR0IE_bit+0)
;Displays_Multiplexados.c,71 :: 		TMR0 = 0x06;                                                                  // Inicializa TIMER0 EM 6
0x020E	0x3006      	MOVLW      6
0x020F	0x0081      	MOVWF      TMR0
;Displays_Multiplexados.c,72 :: 		OPTION_REG = 0x02;                                                            // Configura prescaler para 1:8
0x0210	0x3002      	MOVLW      2
0x0211	0x1683      	BSF        STATUS, 5
0x0212	0x0081      	MOVWF      OPTION_REG
;Displays_Multiplexados.c,73 :: 		}
L_end_displayInit:
0x0213	0x0008      	RETURN
; end of _displayInit
___CC2DW:
;__Lib_System.c,134 :: 		
;__Lib_System.c,137 :: 		
_CC2D_Loop1:
;__Lib_System.c,139 :: 		
0x0214	0x215F      	CALL       _____DoICP
0x0215	0x118A      	BCF        PCLATH, 3
0x0216	0x120A      	BCF        PCLATH, 4
;__Lib_System.c,141 :: 		
0x0217	0x0080      	MOVWF      INDF
;__Lib_System.c,142 :: 		
0x0218	0x0A84      	INCF       FSR, 1
;__Lib_System.c,143 :: 		
0x0219	0x0AA4      	INCF       ___DoICPAddr, 1
;__Lib_System.c,145 :: 		
0x021A	0x1903      	BTFSC      STATUS, 2
;__Lib_System.c,146 :: 		
0x021B	0x0AA5      	INCF       ___DoICPAddr+1, 1
;__Lib_System.c,147 :: 		
0x021C	0x03F0      	DECF       R0, 1
;__Lib_System.c,149 :: 		
0x021D	0x1D03      	BTFSS      STATUS, 2
;__Lib_System.c,150 :: 		
0x021E	0x2A14      	GOTO       _CC2D_Loop1
;__Lib_System.c,152 :: 		
L_end___CC2DW:
0x021F	0x0008      	RETURN
; end of ___CC2DW
_main:
0x0220	0x3001      	MOVLW      1
0x0221	0x1283      	BCF        STATUS, 5
0x0222	0x1303      	BCF        STATUS, 6
0x0223	0x00A3      	MOVWF      DispMultiplex_display_L0
;Displays_Multiplexados.c,49 :: 		void main()
;Displays_Multiplexados.c,51 :: 		displayInit();
0x0224	0x2201      	CALL       _displayInit
;Displays_Multiplexados.c,52 :: 		while(1)
L_main1:
;Displays_Multiplexados.c,54 :: 		valor++;                                                                    // Variável com o valor a ser printado no display / 4 DIGITOS
0x0225	0x1283      	BCF        STATUS, 5
0x0226	0x0AA6      	INCF       _valor, 1
0x0227	0x1903      	BTFSC      STATUS, 2
0x0228	0x0AA7      	INCF       _valor+1, 1
;Displays_Multiplexados.c,55 :: 		delay_ms(100);
0x0229	0x3002      	MOVLW      2
0x022A	0x00FB      	MOVWF      R11
0x022B	0x3004      	MOVLW      4
0x022C	0x00FC      	MOVWF      R12
0x022D	0x30BA      	MOVLW      186
0x022E	0x00FD      	MOVWF      R13
L_main3:
0x022F	0x0BFD      	DECFSZ     R13, 1
0x0230	0x2A2F      	GOTO       L_main3
0x0231	0x0BFC      	DECFSZ     R12, 1
0x0232	0x2A2F      	GOTO       L_main3
0x0233	0x0BFB      	DECFSZ     R11, 1
0x0234	0x2A2F      	GOTO       L_main3
0x0235	0x0000      	NOP
;Displays_Multiplexados.c,56 :: 		}
0x0236	0x2A25      	GOTO       L_main1
;Displays_Multiplexados.c,57 :: 		}
L_end_main:
0x0237	0x2A37      	GOTO       $+0
; end of _main
Symbol List:
//** Routines locations **
//ADDRESS    SIZE    PROCEDURE
//----------------------------------------------
0x0004      [36]    _interrupt
0x0028      [44]    _Div_16x16_S_L
0x0054     [162]    _decodeDisplay
0x00F6     [105]    _Div_16x16_S
0x015F       [7]    _____DoICP
0x0166      [10]    _clearData
0x0170     [145]    _DispMultiplex
0x0201      [19]    _displayInit
0x0214      [12]    ___CC2DW
0x0220      [24]    _main
//** Variables locations ** 
//ADDRESS    SIZE    VARIABLE
//----------------------------------------------
0x0000       [1]    INDF
0x0001       [1]    TMR0
0x0002       [1]    PCL
0x0003       [1]    STATUS
0x0004       [1]    FSR
0x0006       [1]    PORTB
0x0006       [0]    RB2_bit
0x0006       [0]    RB3_bit
0x0006       [0]    RB0_bit
0x0006       [0]    RB1_bit
0x0006       [0]    RB6_bit
0x0006       [0]    RB4_bit
0x0006       [0]    RB5_bit
0x0008       [0]    RD3_bit
0x0008       [0]    RD1_bit
0x0008       [0]    RD2_bit
0x0008       [0]    RD0_bit
0x0008       [1]    PORTD
0x000A       [1]    PCLATH
0x000B       [0]    TMR0IF_bit
0x000B       [0]    TMR0IE_bit
0x000B       [0]    GIE_bit
0x000B       [0]    PEIE_bit
0x0023       [1]    DispMultiplex_display_L0
0x0024       [2]    ___DoICPAddr
0x0026       [2]    _valor
0x0028       [1]    ___saveSTATUS
0x0029       [1]    ___savePCLATH
0x002A       [2]    FARG_DispMultiplex_num
0x002C       [2]    FARG_decodeDisplay_num
0x0070       [1]    R0
0x0071       [1]    R1
0x0072       [1]    R2
0x0073       [1]    R3
0x0074       [1]    R4
0x0075       [1]    R5
0x0076       [1]    R6
0x0077       [1]    R7
0x0078       [1]    R8
0x0079       [1]    R9
0x007A       [1]    R10
0x007B       [1]    R11
0x007C       [1]    R12
0x007D       [1]    R13
0x007E       [1]    R14
0x007F       [1]    R15
0x0081       [1]    OPTION_REG
0x0086       [1]    TRISB
0x0088       [1]    TRISD
